# JRE version: Java(TM) SE Runtime Environment (8.0_101-b13) (build 1.8.0_101-b13)
# Java VM: Java HotSpot(TM) 64-Bit Server VM (25.101-b13 mixed mode linux-amd64 compressed oops)
Heap:
 PSYoungGen      total 822272K, used 22909K [0x000000076d000000, 0x00000007a3080000, 0x00000007c0000000)
  eden space 768000K, 2% used [0x000000076d000000,0x000000076e65f440,0x000000079be00000)
  from space 54272K, 0% used [0x000000079f580000,0x000000079f580000,0x00000007a2a80000)
  to   space 56832K, 0% used [0x000000079be00000,0x000000079be00000,0x000000079f580000)
 ParOldGen       total 359936K, used 101492K [0x00000006c7000000, 0x00000006dcf80000, 0x000000076d000000)
  object space 359936K, 28% used [0x00000006c7000000,0x00000006cd31d1b8,0x00000006dcf80000)
 Metaspace       used 96046K, capacity 98776K, committed 98880K, reserved 1134592K
  class space    used 12138K, capacity 12761K, committed 12864K, reserved 1048576K
GC Heap History (10 events):
Event: 13,626 GC heap before
{Heap before GC invocations=14 (full 3):
 PSYoungGen      total 564736K, used 18392K [0x000000076d000000, 0x000000079ca80000, 0x00000007c0000000)
  eden space 511488K, 0% used [0x000000076d000000,0x000000076d000000,0x000000078c380000)
  from space 53248K, 34% used [0x000000078c380000,0x000000078d5763f8,0x000000078f780000)
  to   space 51712K, 0% used [0x0000000799800000,0x0000000799800000,0x000000079ca80000)
 ParOldGen       total 215040K, used 77345K [0x00000006c7000000, 0x00000006d4200000, 0x000000076d000000)
  object space 215040K, 35% used [0x00000006c7000000,0x00000006cbb884e8,0x00000006d4200000)
 Metaspace       used 57768K, capacity 58952K, committed 59096K, reserved 1101824K
  class space    used 7361K, capacity 7718K, committed 7808K, reserved 1048576K
Event: 13,961 GC heap after
Heap after GC invocations=14 (full 3):
 PSYoungGen      total 564736K, used 0K [0x000000076d000000, 0x000000079ca80000, 0x00000007c0000000)
  eden space 511488K, 0% used [0x000000076d000000,0x000000076d000000,0x000000078c380000)
  from space 53248K, 0% used [0x000000078c380000,0x000000078c380000,0x000000078f780000)
  to   space 51712K, 0% used [0x0000000799800000,0x0000000799800000,0x000000079ca80000)
 ParOldGen       total 273920K, used 80347K [0x00000006c7000000, 0x00000006d7b80000, 0x000000076d000000)
  object space 273920K, 29% used [0x00000006c7000000,0x00000006cbe76f90,0x00000006d7b80000)
 Metaspace       used 57768K, capacity 58952K, committed 59096K, reserved 1101824K
  class space    used 7361K, capacity 7718K, committed 7808K, reserved 1048576K
}
Event: 18,283 GC heap before
{Heap before GC invocations=15 (full 3):
 PSYoungGen      total 564736K, used 511488K [0x000000076d000000, 0x000000079ca80000, 0x00000007c0000000)
  eden space 511488K, 100% used [0x000000076d000000,0x000000078c380000,0x000000078c380000)
  from space 53248K, 0% used [0x000000078c380000,0x000000078c380000,0x000000078f780000)
  to   space 51712K, 0% used [0x0000000799800000,0x0000000799800000,0x000000079ca80000)
 ParOldGen       total 273920K, used 80347K [0x00000006c7000000, 0x00000006d7b80000, 0x000000076d000000)
  object space 273920K, 29% used [0x00000006c7000000,0x00000006cbe76f90,0x00000006d7b80000)
 Metaspace       used 71489K, capacity 73366K, committed 73472K, reserved 1114112K
  class space    used 8949K, capacity 9443K, committed 9472K, reserved 1048576K
Event: 18,321 GC heap after
Heap after GC invocations=15 (full 3):
 PSYoungGen      total 660480K, used 25829K [0x000000076d000000, 0x000000079b180000, 0x00000007c0000000)
  eden space 634368K, 0% used [0x000000076d000000,0x000000076d000000,0x0000000793b80000)
  from space 26112K, 98% used [0x0000000799800000,0x000000079b139440,0x000000079b180000)
  to   space 49664K, 0% used [0x0000000795080000,0x0000000795080000,0x0000000798100000)
 ParOldGen       total 273920K, used 80355K [0x00000006c7000000, 0x00000006d7b80000, 0x000000076d000000)
  object space 273920K, 29% used [0x00000006c7000000,0x00000006cbe78f90,0x00000006d7b80000)
 Metaspace       used 71489K, capacity 73366K, committed 73472K, reserved 1114112K
  class space    used 8949K, capacity 9443K, committed 9472K, reserved 1048576K
}
Event: 22,733 GC heap before
{Heap before GC invocations=16 (full 3):
 PSYoungGen      total 660480K, used 660197K [0x000000076d000000, 0x000000079b180000, 0x00000007c0000000)
  eden space 634368K, 100% used [0x000000076d000000,0x0000000793b80000,0x0000000793b80000)
  from space 26112K, 98% used [0x0000000799800000,0x000000079b139440,0x000000079b180000)
  to   space 49664K, 0% used [0x0000000795080000,0x0000000795080000,0x0000000798100000)
 ParOldGen       total 273920K, used 80355K [0x00000006c7000000, 0x00000006d7b80000, 0x000000076d000000)
  object space 273920K, 29% used [0x00000006c7000000,0x00000006cbe78f90,0x00000006d7b80000)
 Metaspace       used 87239K, capacity 89400K, committed 89600K, reserved 1128448K
  class space    used 10929K, capacity 11422K, committed 11520K, reserved 1048576K
Event: 22,777 GC heap after
Heap after GC invocations=16 (full 3):
 PSYoungGen      total 705536K, used 43764K [0x000000076d000000, 0x00000007a2a80000, 0x00000007c0000000)
  eden space 655872K, 0% used [0x000000076d000000,0x000000076d000000,0x0000000795080000)
  from space 49664K, 88% used [0x0000000795080000,0x0000000797b3d1a8,0x0000000798100000)
  to   space 54272K, 0% used [0x000000079f580000,0x000000079f580000,0x00000007a2a80000)
 ParOldGen       total 273920K, used 80355K [0x00000006c7000000, 0x00000006d7b80000, 0x000000076d000000)
  object space 273920K, 29% used [0x00000006c7000000,0x00000006cbe78f90,0x00000006d7b80000)
 Metaspace       used 87239K, capacity 89400K, committed 89600K, reserved 1128448K
  class space    used 10929K, capacity 11422K, committed 11520K, reserved 1048576K
}
Event: 2355,905 GC heap before
{Heap before GC invocations=17 (full 3):
 PSYoungGen      total 705536K, used 486583K [0x000000076d000000, 0x00000007a2a80000, 0x00000007c0000000)
  eden space 655872K, 67% used [0x000000076d000000,0x0000000788070b90,0x0000000795080000)
  from space 49664K, 88% used [0x0000000795080000,0x0000000797b3d1a8,0x0000000798100000)
  to   space 54272K, 0% used [0x000000079f580000,0x000000079f580000,0x00000007a2a80000)
 ParOldGen       total 273920K, used 80355K [0x00000006c7000000, 0x00000006d7b80000, 0x000000076d000000)
  object space 273920K, 29% used [0x00000006c7000000,0x00000006cbe78f90,0x00000006d7b80000)
 Metaspace       used 95711K, capacity 98396K, committed 98496K, reserved 1134592K
  class space    used 12094K, capacity 12679K, committed 12736K, reserved 1048576K
Event: 2356,004 GC heap after
Heap after GC invocations=17 (full 3):
 PSYoungGen      total 822272K, used 40702K [0x000000076d000000, 0x00000007a3080000, 0x00000007c0000000)
  eden space 768000K, 0% used [0x000000076d000000,0x000000076d000000,0x000000079be00000)
  from space 54272K, 74% used [0x000000079f580000,0x00000007a1d3f820,0x00000007a2a80000)
  to   space 56832K, 0% used [0x000000079be00000,0x000000079be00000,0x000000079f580000)
 ParOldGen       total 273920K, used 80363K [0x00000006c7000000, 0x00000006d7b80000, 0x000000076d000000)
  object space 273920K, 29% used [0x00000006c7000000,0x00000006cbe7af90,0x00000006d7b80000)
 Metaspace       used 95711K, capacity 98396K, committed 98496K, reserved 1134592K
  class space    used 12094K, capacity 12679K, committed 12736K, reserved 1048576K
}
Event: 2356,004 GC heap before
{Heap before GC invocations=18 (full 4):
 PSYoungGen      total 822272K, used 40702K [0x000000076d000000, 0x00000007a3080000, 0x00000007c0000000)
  eden space 768000K, 0% used [0x000000076d000000,0x000000076d000000,0x000000079be00000)
  from space 54272K, 74% used [0x000000079f580000,0x00000007a1d3f820,0x00000007a2a80000)
  to   space 56832K, 0% used [0x000000079be00000,0x000000079be00000,0x000000079f580000)
 ParOldGen       total 273920K, used 80363K [0x00000006c7000000, 0x00000006d7b80000, 0x000000076d000000)
  object space 273920K, 29% used [0x00000006c7000000,0x00000006cbe7af90,0x00000006d7b80000)
 Metaspace       used 95711K, capacity 98396K, committed 98496K, reserved 1134592K
  class space    used 12094K, capacity 12679K, committed 12736K, reserved 1048576K
Event: 2356,481 GC heap after
Heap after GC invocations=18 (full 4):
 PSYoungGen      total 822272K, used 0K [0x000000076d000000, 0x00000007a3080000, 0x00000007c0000000)
  eden space 768000K, 0% used [0x000000076d000000,0x000000076d000000,0x000000079be00000)
  from space 54272K, 0% used [0x000000079f580000,0x000000079f580000,0x00000007a2a80000)
  to   space 56832K, 0% used [0x000000079be00000,0x000000079be00000,0x000000079f580000)
 ParOldGen       total 359936K, used 101492K [0x00000006c7000000, 0x00000006dcf80000, 0x000000076d000000)
  object space 359936K, 28% used [0x00000006c7000000,0x00000006cd31d1b8,0x00000006dcf80000)
 Metaspace       used 95700K, capacity 98380K, committed 98496K, reserved 1134592K
  class space    used 12089K, capacity 12671K, committed 12736K, reserved 1048576K
}

